[DEBUG] 2020-10-14 12:53:17.177 [main] UserDao - Searching for user with lastName = Curry
[DEBUG] 2020-10-14 12:53:17.653 [main] UserDao - Searching for user with lastName = c
[DEBUG] 2020-10-14 12:53:17.906 [main] UserDao - Searching for: c
[DEBUG] 2020-10-14 12:57:34.831 [main] UserDao - Searching for: c
[DEBUG] 2020-10-14 13:02:15.931 [main] UserDao - Searching for: c
[ERROR] 2020-10-14 13:17:42.100 [main] UserDaoTest - deleting user with id=2: null
[INFO ] 2020-10-14 13:17:42.590 [main] UserDaoTest - users size should be 3: 5
[DEBUG] 2020-10-14 13:17:42.794 [main] UserDaoTest - user info with id = 1: User{id=1, firstName='Joe', lastName='Coyne', email='jcoyne@gmail.com', password='supersecret1'}
[INFO ] 2020-10-14 13:17:42.953 [main] UserDaoTest - new last name for user with id=2: Stevenson
[INFO ] 2020-10-14 13:17:43.093 [main] UserDaoTest - inserted user: User{id=7, firstName='Sue', lastName='Hamilton', email='shamilton@gmail.com', password='secret7'}
[ERROR] 2020-10-14 13:23:03.491 [main] UserDaoTest - deleting user with id=2: null
[INFO ] 2020-10-14 13:23:04.292 [main] UserDaoTest - users size should be 5: 5
[DEBUG] 2020-10-14 13:23:04.803 [main] UserDaoTest - user info with id = 1: User{id=1, firstName='Joe', lastName='Coyne', email='jcoyne@gmail.com', password='supersecret1'}
[INFO ] 2020-10-14 13:23:05.055 [main] UserDaoTest - new last name for user with id=2: Stevenson
[INFO ] 2020-10-14 13:23:05.438 [main] UserDaoTest - inserted user: User{id=8, firstName='Sue', lastName='Hamilton', email='shamilton@gmail.com', password='secret7'}
[ERROR] 2020-10-14 13:27:00.681 [main] UserDaoTest - deleting user with id=2: null
[INFO ] 2020-10-14 13:27:01.177 [main] UserDaoTest - users size should be 5: 5
[DEBUG] 2020-10-14 13:27:01.401 [main] UserDaoTest - user info with id = 1: User{id=1, firstName='Joe', lastName='Coyne', email='jcoyne@gmail.com', password='supersecret1'}
[INFO ] 2020-10-14 13:27:01.552 [main] UserDaoTest - new last name for user with id=2: Stevenson
[INFO ] 2020-10-14 13:27:01.670 [main] UserDaoTest - inserted user: User{id=9, firstName='Sue', lastName='Hamilton', email='shamilton@gmail.com', password='secret7'}
[ERROR] 2020-10-14 15:24:55.372 [main] Database - java.sql.SQLException: Column count doesn't match value count at row 1
[ERROR] 2020-10-14 15:26:27.048 [main] Database - java.sql.SQLException: Column count doesn't match value count at row 3
[ERROR] 2020-10-14 15:34:05.488 [main] Database - java.sql.SQLException: Column count doesn't match value count at row 3
[ERROR] 2020-10-14 16:18:24.047 [main] SpotDaoTest - deleted spot with id=3: null
[INFO ] 2020-10-14 16:20:12.476 [main] SpotDaoTest - insert() spot test - new record id: Spot{id=4, spotName='madison1', city='madison', state='WI', zipCode='53703', lat=43.066675, lon=-89.386825, user='User{id=1, firstName='Joe', lastName='Coyne', email='jcoyne@gmail.com', password='supersecret1'}'}
[INFO ] 2020-10-14 16:21:15.751 [main] SpotDaoTest - getAll() test - total records in spot: 3
[INFO ] 2020-10-14 16:21:46.379 [main] SpotDaoTest - update() test - updated record 1 : Spot{id=2, spotName='BySchluterBeach', city='monona', state='WI', zipCode='53716', lat=43.071923, lon=-89.333321, user='User{id=1, firstName='Joe', lastName='Coyne', email='jcoyne@gmail.com', password='supersecret1'}'}
[INFO ] 2020-10-14 16:22:18.071 [main] SpotDaoTest - getById(2) test: Spot{id=2, spotName='monona2', city='monona', state='WI', zipCode='53716', lat=43.071923, lon=-89.333321, user='User{id=1, firstName='Joe', lastName='Coyne', email='jcoyne@gmail.com', password='supersecret1'}'}
[ERROR] 2020-10-14 16:22:43.657 [main] SpotDaoTest - deleted spot with id=3: null
[INFO ] 2020-10-14 16:22:44.414 [main] SpotDaoTest - getAll() test - total records in spot: 3
[INFO ] 2020-10-14 16:22:44.634 [main] SpotDaoTest - getById(2) test: Spot{id=2, spotName='monona2', city='monona', state='WI', zipCode='53716', lat=43.071923, lon=-89.333321, user='User{id=1, firstName='Joe', lastName='Coyne', email='jcoyne@gmail.com', password='supersecret1'}'}
[INFO ] 2020-10-14 16:22:44.851 [main] SpotDaoTest - update() test - updated record 1 : Spot{id=2, spotName='BySchluterBeach', city='monona', state='WI', zipCode='53716', lat=43.071923, lon=-89.333321, user='User{id=1, firstName='Joe', lastName='Coyne', email='jcoyne@gmail.com', password='supersecret1'}'}
[INFO ] 2020-10-14 16:22:45.089 [main] SpotDaoTest - insert() spot test - new record id: Spot{id=5, spotName='madison1', city='madison', state='WI', zipCode='53703', lat=43.066675, lon=-89.386825, user='User{id=1, firstName='Joe', lastName='Coyne', email='jcoyne@gmail.com', password='supersecret1'}'}
[ERROR] 2020-10-14 16:23:25.293 [main] SpotDaoTest - deleted spot with id=3: null
[INFO ] 2020-10-14 16:23:26.325 [main] SpotDaoTest - getAll() test - total records in spot: 3
[INFO ] 2020-10-14 16:23:26.771 [main] SpotDaoTest - getById(2) test: Spot{id=2, spotName='monona2', city='monona', state='WI', zipCode='53716', lat=43.071923, lon=-89.333321, user='User{id=1, firstName='Joe', lastName='Coyne', email='jcoyne@gmail.com', password='supersecret1'}'}
[INFO ] 2020-10-14 16:23:27.138 [main] SpotDaoTest - update() test - updated record 1 : Spot{id=2, spotName='BySchluterBeach', city='monona', state='WI', zipCode='53716', lat=43.071923, lon=-89.333321, user='User{id=1, firstName='Joe', lastName='Coyne', email='jcoyne@gmail.com', password='supersecret1'}'}
[INFO ] 2020-10-14 16:23:27.441 [main] SpotDaoTest - insert() spot test - new record id: Spot{id=6, spotName='madison1', city='madison', state='WI', zipCode='53703', lat=43.066675, lon=-89.386825, user='User{id=1, firstName='Joe', lastName='Coyne', email='jcoyne@gmail.com', password='supersecret1'}'}
[ERROR] 2020-10-14 16:23:28.535 [main] UserDaoTest - deleting user with id=2: null
[INFO ] 2020-10-14 16:23:29.613 [main] UserDaoTest - users size should be 5: 5
[DEBUG] 2020-10-14 16:23:30.773 [main] UserDaoTest - user info with id = 1: User{id=1, firstName='Joe', lastName='Coyne', email='jcoyne@gmail.com', password='supersecret1'}
[INFO ] 2020-10-14 16:23:31.282 [main] UserDaoTest - new last name for user with id=2: Stevenson
[INFO ] 2020-10-14 16:23:31.496 [main] UserDaoTest - inserted user: User{id=10, firstName='Sue', lastName='Hamilton', email='shamilton@gmail.com', password='secret7'}
[ERROR] 2020-10-14 16:27:24.086 [main] SpotDaoTest - deleted spot with id=3: null
[INFO ] 2020-10-14 16:34:50.183 [main] SpotDaoTest - getAll() test - total records in spot: 3
[INFO ] 2020-10-14 16:34:50.498 [main] SpotDaoTest - getById(2) test: Spot{id=2, spotName='monona2', city='monona', state='WI', zipCode='53716', lat=43.071923, lon=-89.333321, user='User{id=1, firstName='Joe', lastName='Coyne', email='jcoyne@gmail.com', password='supersecret1'}'}
[INFO ] 2020-10-14 16:34:50.725 [main] SpotDaoTest - update() test - updated record 1 : Spot{id=2, spotName='BySchluterBeach', city='monona', state='WI', zipCode='53716', lat=43.071923, lon=-89.333321, user='User{id=1, firstName='Joe', lastName='Coyne', email='jcoyne@gmail.com', password='supersecret1'}'}
[INFO ] 2020-10-14 16:34:50.996 [main] SpotDaoTest - insert() spot test - new record id: Spot{id=7, spotName='madison1', city='madison', state='WI', zipCode='53703', lat=43.066675, lon=-89.386825, user='User{id=1, firstName='Joe', lastName='Coyne', email='jcoyne@gmail.com', password='supersecret1'}'}
[ERROR] 2020-10-14 16:34:51.190 [main] UserDaoTest - deleting user with id=2: null
[INFO ] 2020-10-14 16:34:51.451 [main] UserDaoTest - users size should be 5: 5
[DEBUG] 2020-10-14 16:34:51.567 [main] UserDaoTest - user info with id = 1: User{id=1, firstName='Joe', lastName='Coyne', email='jcoyne@gmail.com', password='supersecret1'}
[INFO ] 2020-10-14 16:34:51.830 [main] UserDaoTest - new last name for user with id=2: Stevenson
[INFO ] 2020-10-14 16:34:52.108 [main] UserDaoTest - inserted user: User{id=11, firstName='Sue', lastName='Hamilton', email='shamilton@gmail.com', password='secret7'}
[INFO ] 2020-10-14 17:07:07.186 [main] UserDaoTest - inserted user with a spot: User{id=12, firstName='Sue', lastName='Hamilton', email='shamilton@gmail.com', password='secret7'} // [Spot{id=8, spotName='madison1', city='madison', state='WI', zipCode='53703', lat=43.066675, lon=-89.386825, user='User{id=12, firstName='Sue', lastName='Hamilton', email='shamilton@gmail.com', password='secret7'}'}]
[ERROR] 2020-10-14 17:11:37.600 [main] SpotDaoTest - deleted spot with id=3: null
[INFO ] 2020-10-14 17:11:39.517 [main] SpotDaoTest - getAll() test - total records in spot: 3
[INFO ] 2020-10-14 17:11:39.954 [main] SpotDaoTest - getById(2) test: Spot{id=2, spotName='monona2', city='monona', state='WI', zipCode='53716', lat=43.071923, lon=-89.333321, user='User{id=1, firstName='Joe', lastName='Coyne', email='jcoyne@gmail.com', password='supersecret1'}'}
[INFO ] 2020-10-14 17:11:40.607 [main] SpotDaoTest - update() test - updated record 1 : Spot{id=2, spotName='BySchluterBeach', city='monona', state='WI', zipCode='53716', lat=43.071923, lon=-89.333321, user='User{id=1, firstName='Joe', lastName='Coyne', email='jcoyne@gmail.com', password='supersecret1'}'}
[INFO ] 2020-10-14 17:11:41.308 [main] SpotDaoTest - insert() spot test - new record id: Spot{id=9, spotName='madison1', city='madison', state='WI', zipCode='53703', lat=43.066675, lon=-89.386825, user='User{id=1, firstName='Joe', lastName='Coyne', email='jcoyne@gmail.com', password='supersecret1'}'}
[ERROR] 2020-10-14 17:11:42.253 [main] UserDaoTest - deleting user with id=2: null
[INFO ] 2020-10-14 17:11:43.648 [main] UserDaoTest - inserted user with a spot: User{id=13, firstName='Sue', lastName='Hamilton', email='shamilton@gmail.com', password='secret7'} // [Spot{id=10, spotName='madison1', city='madison', state='WI', zipCode='53703', lat=43.066675, lon=-89.386825, user='User{id=13, firstName='Sue', lastName='Hamilton', email='shamilton@gmail.com', password='secret7'}'}]
[INFO ] 2020-10-14 17:11:44.537 [main] UserDaoTest - users size should be 5: 5
[DEBUG] 2020-10-14 17:11:44.816 [main] UserDaoTest - user info with id = 1: User{id=1, firstName='Joe', lastName='Coyne', email='jcoyne@gmail.com', password='supersecret1'}
[INFO ] 2020-10-14 17:11:45.030 [main] UserDaoTest - new last name for user with id=2: Stevenson
[INFO ] 2020-10-14 17:11:45.208 [main] UserDaoTest - inserted user: User{id=14, firstName='Sue', lastName='Hamilton', email='shamilton@gmail.com', password='secret7'}
[ERROR] 2020-10-14 17:30:37.307 [main] SpotDaoTest - deleted spot with id=3: null
[INFO ] 2020-10-14 17:30:38.505 [main] SpotDaoTest - getAll() test - total records in spot: 3
[INFO ] 2020-10-14 17:30:38.883 [main] SpotDaoTest - getById(2) test: Spot{id=2, spotName='monona2', city='monona', state='WI', zipCode='53716', lat=43.071923, lon=-89.333321, user='User{id=1, firstName='Joe', lastName='Coyne', email='jcoyne@gmail.com', password='supersecret1'}'}
[INFO ] 2020-10-14 17:30:39.066 [main] SpotDaoTest - update() test - updated record 1 : Spot{id=2, spotName='BySchluterBeach', city='monona', state='WI', zipCode='53716', lat=43.071923, lon=-89.333321, user='User{id=1, firstName='Joe', lastName='Coyne', email='jcoyne@gmail.com', password='supersecret1'}'}
[INFO ] 2020-10-14 17:30:39.211 [main] SpotDaoTest - insert() spot test - new record id: Spot{id=11, spotName='madison1', city='madison', state='WI', zipCode='53703', lat=43.066675, lon=-89.386825, user='User{id=1, firstName='Joe', lastName='Coyne', email='jcoyne@gmail.com', password='supersecret1'}'}
[ERROR] 2020-10-14 17:30:39.401 [main] UserDaoTest - deleting user with id=2: null
[INFO ] 2020-10-14 17:30:39.570 [main] UserDaoTest - inserted user with a spot: User{id=15, firstName='Sue', lastName='Hamilton', email='shamilton@gmail.com', password='secret7'} // [Spot{id=12, spotName='madison1', city='madison', state='WI', zipCode='53703', lat=43.066675, lon=-89.386825, user='User{id=15, firstName='Sue', lastName='Hamilton', email='shamilton@gmail.com', password='secret7'}'}]
[INFO ] 2020-10-14 17:30:39.692 [main] UserDaoTest - users size should be 5: 5
[DEBUG] 2020-10-14 17:30:39.821 [main] UserDaoTest - user info with id = 1: User{id=1, firstName='Joe', lastName='Coyne', email='jcoyne@gmail.com', password='supersecret1'}
[INFO ] 2020-10-14 17:30:40.101 [main] UserDaoTest - new last name for user with id=2: Stevenson
[INFO ] 2020-10-14 17:30:40.244 [main] UserDaoTest - inserted user: User{id=16, firstName='Sue', lastName='Hamilton', email='shamilton@gmail.com', password='secret7'}
[ERROR] 2020-10-14 17:34:12.572 [main] SpotDaoTest - deleted spot with id=3: null
[INFO ] 2020-10-14 17:34:13.118 [main] SpotDaoTest - getAll() test - total records in spot: 3
[INFO ] 2020-10-14 17:34:13.417 [main] SpotDaoTest - getById(2) test: Spot{id=2, spotName='monona2', city='monona', state='WI', zipCode='53716', lat=43.071923, lon=-89.333321, user='User{id=1, firstName='Joe', lastName='Coyne', email='jcoyne@gmail.com', password='supersecret1'}'}
[INFO ] 2020-10-14 17:34:13.599 [main] SpotDaoTest - update() test - updated record 1 : Spot{id=2, spotName='BySchluterBeach', city='monona', state='WI', zipCode='53716', lat=43.071923, lon=-89.333321, user='User{id=1, firstName='Joe', lastName='Coyne', email='jcoyne@gmail.com', password='supersecret1'}'}
[INFO ] 2020-10-14 17:34:13.802 [main] SpotDaoTest - insert() spot test - new record id: Spot{id=13, spotName='madison1', city='madison', state='WI', zipCode='53703', lat=43.066675, lon=-89.386825, user='User{id=1, firstName='Joe', lastName='Coyne', email='jcoyne@gmail.com', password='supersecret1'}'}
[ERROR] 2020-10-14 17:34:14.000 [main] UserDaoTest - deleting user with id=2: null
[INFO ] 2020-10-14 17:34:14.249 [main] UserDaoTest - inserted user with a spot: User{id=17, firstName='Sue', lastName='Hamilton', email='shamilton@gmail.com', password='secret7'} // [Spot{id=14, spotName='madison1', city='madison', state='WI', zipCode='53703', lat=43.066675, lon=-89.386825, user='User{id=17, firstName='Sue', lastName='Hamilton', email='shamilton@gmail.com', password='secret7'}'}]
[INFO ] 2020-10-14 17:34:14.387 [main] UserDaoTest - users size should be 5: 5
[DEBUG] 2020-10-14 17:34:14.561 [main] UserDaoTest - user info with id = 1: User{id=1, firstName='Joe', lastName='Coyne', email='jcoyne@gmail.com', password='supersecret1'}
[INFO ] 2020-10-14 17:34:14.797 [main] UserDaoTest - new last name for user with id=2: Stevenson
[INFO ] 2020-10-14 17:34:15.077 [main] UserDaoTest - inserted user: User{id=18, firstName='Sue', lastName='Hamilton', email='shamilton@gmail.com', password='secret7'}
[ERROR] 2020-10-14 17:39:15.040 [main] SpotDaoTest - deleted spot with id=3: null
[INFO ] 2020-10-14 17:39:15.541 [main] SpotDaoTest - getAll() test - total records in spot: 3
[INFO ] 2020-10-14 17:39:15.829 [main] SpotDaoTest - getById(2) test: Spot{id=2, spotName='monona2', city='monona', state='WI', zipCode='53716', lat=43.071923, lon=-89.333321, user='User{id=1, firstName='Joe', lastName='Coyne', email='jcoyne@gmail.com', password='supersecret1'}'}
[INFO ] 2020-10-14 17:39:16.009 [main] SpotDaoTest - update() test - updated record 1 : Spot{id=2, spotName='BySchluterBeach', city='monona', state='WI', zipCode='53716', lat=43.071923, lon=-89.333321, user='User{id=1, firstName='Joe', lastName='Coyne', email='jcoyne@gmail.com', password='supersecret1'}'}
[INFO ] 2020-10-14 17:39:16.183 [main] SpotDaoTest - insert() spot test - new record id: Spot{id=15, spotName='madison1', city='madison', state='WI', zipCode='53703', lat=43.066675, lon=-89.386825, user='User{id=1, firstName='Joe', lastName='Coyne', email='jcoyne@gmail.com', password='supersecret1'}'}
[ERROR] 2020-10-14 17:39:16.397 [main] UserDaoTest - deleting user with id=2: null
[INFO ] 2020-10-14 17:39:16.563 [main] UserDaoTest - inserted user with a spot: User{id=19, firstName='Sue', lastName='Hamilton', email='shamilton@gmail.com', password='secret7'} // [Spot{id=16, spotName='madison1', city='madison', state='WI', zipCode='53703', lat=43.066675, lon=-89.386825, user='User{id=19, firstName='Sue', lastName='Hamilton', email='shamilton@gmail.com', password='secret7'}'}]
[INFO ] 2020-10-14 17:39:16.723 [main] UserDaoTest - users size should be 5: 5
[DEBUG] 2020-10-14 17:39:16.819 [main] UserDaoTest - user info with id = 1: User{id=1, firstName='Joe', lastName='Coyne', email='jcoyne@gmail.com', password='supersecret1'}
[INFO ] 2020-10-14 17:39:17.039 [main] UserDaoTest - new last name for user with id=2: Stevenson
[INFO ] 2020-10-14 17:39:17.133 [main] UserDaoTest - inserted user: User{id=20, firstName='Sue', lastName='Hamilton', email='shamilton@gmail.com', password='secret7'}
[ERROR] 2020-10-14 17:42:00.765 [main] SpotDaoTest - deleted spot with id=3: null
[INFO ] 2020-10-14 17:42:01.152 [main] SpotDaoTest - getAll() test - total records in spot: 3
[INFO ] 2020-10-14 17:42:01.465 [main] SpotDaoTest - getById(2) test: Spot{id=2, spotName='monona2', city='monona', state='WI', zipCode='53716', lat=43.071923, lon=-89.333321, user='User{id=1, firstName='Joe', lastName='Coyne', email='jcoyne@gmail.com', password='supersecret1'}'}
[INFO ] 2020-10-14 17:42:01.646 [main] SpotDaoTest - update() test - updated record 1 : Spot{id=2, spotName='BySchluterBeach', city='monona', state='WI', zipCode='53716', lat=43.071923, lon=-89.333321, user='User{id=1, firstName='Joe', lastName='Coyne', email='jcoyne@gmail.com', password='supersecret1'}'}
[INFO ] 2020-10-14 17:42:01.870 [main] SpotDaoTest - insert() spot test - new record id: Spot{id=17, spotName='madison1', city='madison', state='WI', zipCode='53703', lat=43.066675, lon=-89.386825, user='User{id=1, firstName='Joe', lastName='Coyne', email='jcoyne@gmail.com', password='supersecret1'}'}
[ERROR] 2020-10-14 17:42:02.091 [main] UserDaoTest - deleting user with id=2: null
[INFO ] 2020-10-14 17:42:02.251 [main] UserDaoTest - inserted user with a spot: User{id=21, firstName='Sue', lastName='Hamilton', email='shamilton@gmail.com', password='secret7'} // [Spot{id=18, spotName='madison1', city='madison', state='WI', zipCode='53703', lat=43.066675, lon=-89.386825, user='User{id=21, firstName='Sue', lastName='Hamilton', email='shamilton@gmail.com', password='secret7'}'}]
[INFO ] 2020-10-14 17:42:02.414 [main] UserDaoTest - users size should be 5: 5
[DEBUG] 2020-10-14 17:42:02.520 [main] UserDaoTest - user info with id = 1: User{id=1, firstName='Joe', lastName='Coyne', email='jcoyne@gmail.com', password='supersecret1'}
[INFO ] 2020-10-14 17:42:02.708 [main] UserDaoTest - new last name for user with id=2: Stevenson
[INFO ] 2020-10-14 17:42:02.865 [main] UserDaoTest - inserted user: User{id=22, firstName='Sue', lastName='Hamilton', email='shamilton@gmail.com', password='secret7'}
[ERROR] 2020-10-14 17:47:00.282 [main] SpotDaoTest - deleted spot with id=3: null
[INFO ] 2020-10-14 17:47:01.342 [main] SpotDaoTest - getAll() test - total records in spot: 3
[INFO ] 2020-10-14 17:47:01.601 [main] SpotDaoTest - getById(2) test: Spot{id=2, spotName='monona2', city='monona', state='WI', zipCode='53716', lat=43.071923, lon=-89.333321, user='User{id=1, firstName='Joe', lastName='Coyne', email='jcoyne@gmail.com', password='supersecret1'}'}
[INFO ] 2020-10-14 17:47:01.755 [main] SpotDaoTest - update() test - updated record 1 : Spot{id=2, spotName='BySchluterBeach', city='monona', state='WI', zipCode='53716', lat=43.071923, lon=-89.333321, user='User{id=1, firstName='Joe', lastName='Coyne', email='jcoyne@gmail.com', password='supersecret1'}'}
[INFO ] 2020-10-14 17:47:01.897 [main] SpotDaoTest - insert() spot test - new record id: Spot{id=19, spotName='madison1', city='madison', state='WI', zipCode='53703', lat=43.066675, lon=-89.386825, user='User{id=1, firstName='Joe', lastName='Coyne', email='jcoyne@gmail.com', password='supersecret1'}'}
[ERROR] 2020-10-14 17:47:02.078 [main] UserDaoTest - deleting user with id=2: null
[INFO ] 2020-10-14 17:47:02.245 [main] UserDaoTest - inserted user with a spot: User{id=23, firstName='Sue', lastName='Hamilton', email='shamilton@gmail.com', password='secret7'} // [Spot{id=20, spotName='madison1', city='madison', state='WI', zipCode='53703', lat=43.066675, lon=-89.386825, user='User{id=23, firstName='Sue', lastName='Hamilton', email='shamilton@gmail.com', password='secret7'}'}]
[INFO ] 2020-10-14 17:47:02.371 [main] UserDaoTest - users size should be 5: 5
[DEBUG] 2020-10-14 17:47:02.559 [main] UserDaoTest - user info with id = 1: User{id=1, firstName='Joe', lastName='Coyne', email='jcoyne@gmail.com', password='supersecret1'}
[INFO ] 2020-10-14 17:47:02.979 [main] UserDaoTest - new last name for user with id=2: Stevenson
[INFO ] 2020-10-14 17:47:03.092 [main] UserDaoTest - inserted user: User{id=24, firstName='Sue', lastName='Hamilton', email='shamilton@gmail.com', password='secret7'}
[DEBUG] 2020-10-14 17:48:28.829 [http-nio-8080-exec-2] UserDao - The list of Users [User{id=1, firstName='Joe', lastName='Coyne', email='jcoyne@gmail.com', password='supersecret1'}, User{id=2, firstName='Fred', lastName='Hensen', email='fhensen@hotmail.com', password='supersecret2'}, User{id=3, firstName='Barney', lastName='Curry', email='bcurry@msn.com', password='supersecret3'}, User{id=4, firstName='Karen', lastName='Mack', email='kmack@yahoo.com', password='supersecret4'}, User{id=5, firstName='Dianne', lastName='Klein', email='dklein@gmail.com', password='supersecret5'}, User{id=24, firstName='Sue', lastName='Hamilton', email='shamilton@gmail.com', password='secret7'}]
[ERROR] 2020-10-14 17:50:04.802 [main] SpotDaoTest - deleted spot with id=3: null
[INFO ] 2020-10-14 17:50:05.298 [main] SpotDaoTest - getAll() test - total records in spot: 3
[INFO ] 2020-10-14 17:50:05.572 [main] SpotDaoTest - getById(2) test: Spot{id=2, spotName='monona2', city='monona', state='WI', zipCode='53716', lat=43.071923, lon=-89.333321, user='User{id=1, firstName='Joe', lastName='Coyne', email='jcoyne@gmail.com', password='supersecret1'}'}
[INFO ] 2020-10-14 17:50:05.739 [main] SpotDaoTest - update() test - updated record 1 : Spot{id=2, spotName='BySchluterBeach', city='monona', state='WI', zipCode='53716', lat=43.071923, lon=-89.333321, user='User{id=1, firstName='Joe', lastName='Coyne', email='jcoyne@gmail.com', password='supersecret1'}'}
[INFO ] 2020-10-14 17:50:05.909 [main] SpotDaoTest - insert() spot test - new record id: Spot{id=21, spotName='madison1', city='madison', state='WI', zipCode='53703', lat=43.066675, lon=-89.386825, user='User{id=1, firstName='Joe', lastName='Coyne', email='jcoyne@gmail.com', password='supersecret1'}'}
[ERROR] 2020-10-14 17:50:06.047 [main] UserDaoTest - deleting user with id=2: null
[INFO ] 2020-10-14 17:50:06.222 [main] UserDaoTest - inserted user with a spot: User{id=25, firstName='Sue', lastName='Hamilton', email='shamilton@gmail.com', password='secret7'} // [Spot{id=22, spotName='madison1', city='madison', state='WI', zipCode='53703', lat=43.066675, lon=-89.386825, user='User{id=25, firstName='Sue', lastName='Hamilton', email='shamilton@gmail.com', password='secret7'}'}]
[INFO ] 2020-10-14 17:50:06.379 [main] UserDaoTest - users size should be 5: 5
[DEBUG] 2020-10-14 17:50:06.532 [main] UserDaoTest - user info with id = 1: User{id=1, firstName='Joe', lastName='Coyne', email='jcoyne@gmail.com', password='supersecret1'}
[INFO ] 2020-10-14 17:50:06.661 [main] UserDaoTest - new last name for user with id=2: Stevenson
[INFO ] 2020-10-14 17:50:06.755 [main] UserDaoTest - inserted user: User{id=26, firstName='Sue', lastName='Hamilton', email='shamilton@gmail.com', password='secret7'}
[DEBUG] 2020-10-14 17:51:31.401 [http-nio-8080-exec-4] UserDao - The list of Users [User{id=1, firstName='Joe', lastName='Coyne', email='jcoyne@gmail.com', password='supersecret1'}, User{id=2, firstName='Fred', lastName='Hensen', email='fhensen@hotmail.com', password='supersecret2'}, User{id=3, firstName='Barney', lastName='Curry', email='bcurry@msn.com', password='supersecret3'}, User{id=4, firstName='Karen', lastName='Mack', email='kmack@yahoo.com', password='supersecret4'}, User{id=5, firstName='Dianne', lastName='Klein', email='dklein@gmail.com', password='supersecret5'}, User{id=26, firstName='Sue', lastName='Hamilton', email='shamilton@gmail.com', password='secret7'}]
[ERROR] 2020-10-19 04:46:03.176 [main] SpotDaoTest - deleted spot with id=3: null
[INFO ] 2020-10-19 04:46:03.984 [main] SpotDaoTest - getAll() test - total records in spot: 3
[INFO ] 2020-10-19 04:46:04.265 [main] SpotDaoTest - getById(2) test: Spot{id=2, spotName='monona2', city='monona', state='WI', zipCode='53716', lat=43.071923, lon=-89.333321, user='User{id=1, firstName='Joe', lastName='Coyne', email='jcoyne@gmail.com', password='supersecret1'}'}
[INFO ] 2020-10-19 04:46:04.454 [main] SpotDaoTest - update() test - updated record 1 : Spot{id=2, spotName='BySchluterBeach', city='monona', state='WI', zipCode='53716', lat=43.071923, lon=-89.333321, user='User{id=1, firstName='Joe', lastName='Coyne', email='jcoyne@gmail.com', password='supersecret1'}'}
[INFO ] 2020-10-19 04:46:04.816 [main] SpotDaoTest - insert() spot test - new record id: Spot{id=40, spotName='madison1', city='madison', state='WI', zipCode='53703', lat=43.066675, lon=-89.386825, user='User{id=1, firstName='Joe', lastName='Coyne', email='jcoyne@gmail.com', password='supersecret1'}'}
[ERROR] 2020-10-19 04:46:05.036 [main] UserDaoTest - deleting user with id=2: null
[INFO ] 2020-10-19 04:46:05.310 [main] UserDaoTest - inserted user with a spot: User{id=47, firstName='Sue', lastName='Hamilton', email='shamilton@gmail.com', password='secret7'} // [Spot{id=41, spotName='madison1', city='madison', state='WI', zipCode='53703', lat=43.066675, lon=-89.386825, user='User{id=47, firstName='Sue', lastName='Hamilton', email='shamilton@gmail.com', password='secret7'}'}]
[INFO ] 2020-10-19 04:46:05.480 [main] UserDaoTest - users size should be 5: 5
[DEBUG] 2020-10-19 04:46:05.735 [main] UserDaoTest - user info with id = 1: User{id=1, firstName='Joe', lastName='Coyne', email='jcoyne@gmail.com', password='supersecret1'}
[INFO ] 2020-10-19 04:46:05.938 [main] UserDaoTest - new last name for user with id=2: Stevenson
[INFO ] 2020-10-19 04:46:06.198 [main] UserDaoTest - inserted user: User{id=48, firstName='Sue', lastName='Hamilton', email='shamilton@gmail.com', password='secret7'}
[ERROR] 2020-10-19 04:52:08.566 [main] SpotDaoTest - deleted spot with id=3: null
[INFO ] 2020-10-19 04:52:09.965 [main] SpotDaoTest - getAll() test - total records in spot: 3
[INFO ] 2020-10-19 04:52:10.538 [main] SpotDaoTest - getById(2) test: Spot{id=2, spotName='monona2', city='monona', state='WI', zipCode='53716', lat=43.071923, lon=-89.333321, user='User{id=1, firstName='Joe', lastName='Coyne', email='jcoyne@gmail.com', password='supersecret1'}'}
[INFO ] 2020-10-19 04:52:11.365 [main] SpotDaoTest - update() test - updated record 1 : Spot{id=2, spotName='BySchluterBeach', city='monona', state='WI', zipCode='53716', lat=43.071923, lon=-89.333321, user='User{id=1, firstName='Joe', lastName='Coyne', email='jcoyne@gmail.com', password='supersecret1'}'}
[INFO ] 2020-10-19 04:52:11.781 [main] SpotDaoTest - insert() spot test - new record id: Spot{id=42, spotName='madison1', city='madison', state='WI', zipCode='53703', lat=43.066675, lon=-89.386825, user='User{id=1, firstName='Joe', lastName='Coyne', email='jcoyne@gmail.com', password='supersecret1'}'}
[ERROR] 2020-10-19 04:52:12.106 [main] UserDaoTest - deleting user with id=2: null
[INFO ] 2020-10-19 04:52:12.435 [main] UserDaoTest - inserted user with a spot: User{id=49, firstName='Sue', lastName='Hamilton', email='shamilton@gmail.com', password='secret7'} // [Spot{id=43, spotName='madison1', city='madison', state='WI', zipCode='53703', lat=43.066675, lon=-89.386825, user='User{id=49, firstName='Sue', lastName='Hamilton', email='shamilton@gmail.com', password='secret7'}'}]
[INFO ] 2020-10-19 04:52:12.685 [main] UserDaoTest - users size should be 5: 5
[DEBUG] 2020-10-19 04:52:12.918 [main] UserDaoTest - user info with id = 1: User{id=1, firstName='Joe', lastName='Coyne', email='jcoyne@gmail.com', password='supersecret1'}
[INFO ] 2020-10-19 04:52:13.127 [main] UserDaoTest - new last name for user with id=2: Stevenson
[INFO ] 2020-10-19 04:52:13.283 [main] UserDaoTest - inserted user: User{id=50, firstName='Sue', lastName='Hamilton', email='shamilton@gmail.com', password='secret7'}
[ERROR] 2020-10-19 05:08:10.451 [main] SpotDaoTest - deleted spot with id=3: null
[INFO ] 2020-10-19 05:08:10.962 [main] SpotDaoTest - getAll() test - total records in spot: 3
[INFO ] 2020-10-19 05:08:11.309 [main] SpotDaoTest - getById(2) test: Spot{id=2, spotName='monona2', city='monona', state='WI', zipCode='53716', lat=43.071923, lon=-89.333321, user='User{id=1, firstName='Joe', lastName='Coyne', email='jcoyne@gmail.com', password='supersecret1'}'}
[INFO ] 2020-10-19 05:08:11.472 [main] SpotDaoTest - update() test - updated record 1 : Spot{id=2, spotName='BySchluterBeach', city='monona', state='WI', zipCode='53716', lat=43.071923, lon=-89.333321, user='User{id=1, firstName='Joe', lastName='Coyne', email='jcoyne@gmail.com', password='supersecret1'}'}
[INFO ] 2020-10-19 05:08:11.714 [main] SpotDaoTest - insert() spot test - new record id: Spot{id=44, spotName='madison1', city='madison', state='WI', zipCode='53703', lat=43.066675, lon=-89.386825, user='User{id=1, firstName='Joe', lastName='Coyne', email='jcoyne@gmail.com', password='supersecret1'}'}
[ERROR] 2020-10-19 05:08:12.002 [main] UserDaoTest - deleting user with id=2: null
[INFO ] 2020-10-19 05:08:12.169 [main] UserDaoTest - inserted user with a spot: User{id=51, firstName='Sue', lastName='Hamilton', email='shamilton@gmail.com', password='secret7'} // [Spot{id=45, spotName='madison1', city='madison', state='WI', zipCode='53703', lat=43.066675, lon=-89.386825, user='User{id=51, firstName='Sue', lastName='Hamilton', email='shamilton@gmail.com', password='secret7'}'}]
[INFO ] 2020-10-19 05:08:12.348 [main] UserDaoTest - users size should be 5: 5
[DEBUG] 2020-10-19 05:08:12.472 [main] UserDaoTest - user info with id = 1: User{id=1, firstName='Joe', lastName='Coyne', email='jcoyne@gmail.com', password='supersecret1'}
[INFO ] 2020-10-19 05:08:12.722 [main] UserDaoTest - new last name for user with id=2: Stevenson
[INFO ] 2020-10-19 05:08:12.828 [main] UserDaoTest - inserted user: User{id=52, firstName='Sue', lastName='Hamilton', email='shamilton@gmail.com', password='secret7'}
[ERROR] 2020-10-21 12:29:00.139 [main] SpotDaoTest - deleted spot with id=3: null
[INFO ] 2020-10-21 12:29:01.320 [main] SpotDaoTest - getAll() test - total records in spot: 3
[INFO ] 2020-10-21 12:29:01.679 [main] SpotDaoTest - getById(2) test: Spot{id=2, spotName='monona2', city='monona', state='WI', zipCode='53716', lat=43.071923, lon=-89.333321, user='User{id=1, firstName='Joe', lastName='Coyne', email='jcoyne@gmail.com', password='supersecret1'}'}
[INFO ] 2020-10-21 12:29:01.876 [main] SpotDaoTest - update() test - updated record 1 : Spot{id=2, spotName='BySchluterBeach', city='monona', state='WI', zipCode='53716', lat=43.071923, lon=-89.333321, user='User{id=1, firstName='Joe', lastName='Coyne', email='jcoyne@gmail.com', password='supersecret1'}'}
[INFO ] 2020-10-21 12:29:02.097 [main] SpotDaoTest - insert() spot test - new record id: Spot{id=46, spotName='madison1', city='madison', state='WI', zipCode='53703', lat=43.066675, lon=-89.386825, user='User{id=1, firstName='Joe', lastName='Coyne', email='jcoyne@gmail.com', password='supersecret1'}'}
[ERROR] 2020-10-21 12:29:02.292 [main] UserDaoTest - deleting user with id=2: null
[INFO ] 2020-10-21 12:29:02.597 [main] UserDaoTest - inserted user with a spot: User{id=53, firstName='Sue', lastName='Hamilton', email='shamilton@gmail.com', password='secret7'} // [Spot{id=47, spotName='madison1', city='madison', state='WI', zipCode='53703', lat=43.066675, lon=-89.386825, user='User{id=53, firstName='Sue', lastName='Hamilton', email='shamilton@gmail.com', password='secret7'}'}]
[INFO ] 2020-10-21 12:29:02.838 [main] UserDaoTest - users size should be 5: 5
[DEBUG] 2020-10-21 12:29:02.997 [main] UserDaoTest - user info with id = 1: User{id=1, firstName='Joe', lastName='Coyne', email='jcoyne@gmail.com', password='supersecret1'}
[INFO ] 2020-10-21 12:29:03.217 [main] UserDaoTest - new last name for user with id=2: Stevenson
[INFO ] 2020-10-21 12:29:03.312 [main] UserDaoTest - inserted user: User{id=54, firstName='Sue', lastName='Hamilton', email='shamilton@gmail.com', password='secret7'}
[ERROR] 2020-10-21 12:40:50.474 [main] SpotDaoTest - deleted spot with id=3: null
[INFO ] 2020-10-21 12:40:50.998 [main] SpotDaoTest - getAll() test - total records in spot: 3
[INFO ] 2020-10-21 12:40:51.348 [main] SpotDaoTest - getById(2) test: Spot{id=2, spotName='monona2', city='monona', state='WI', zipCode='53716', lat=43.071923, lon=-89.333321, user='User{id=1, firstName='Joe', lastName='Coyne', email='jcoyne@gmail.com', password='supersecret1'}'}
[INFO ] 2020-10-21 12:40:51.669 [main] SpotDaoTest - update() test - updated record 1 : Spot{id=2, spotName='BySchluterBeach', city='monona', state='WI', zipCode='53716', lat=43.071923, lon=-89.333321, user='User{id=1, firstName='Joe', lastName='Coyne', email='jcoyne@gmail.com', password='supersecret1'}'}
[INFO ] 2020-10-21 12:40:51.865 [main] SpotDaoTest - insert() spot test - new record id: Spot{id=48, spotName='madison1', city='madison', state='WI', zipCode='53703', lat=43.066675, lon=-89.386825, user='User{id=1, firstName='Joe', lastName='Coyne', email='jcoyne@gmail.com', password='supersecret1'}'}
[ERROR] 2020-10-21 12:40:52.196 [main] UserDaoTest - deleting user with id=2: null
[INFO ] 2020-10-21 12:40:52.488 [main] UserDaoTest - inserted user with a spot: User{id=55, firstName='Sue', lastName='Hamilton', email='shamilton@gmail.com', password='secret7'} // [Spot{id=49, spotName='madison1', city='madison', state='WI', zipCode='53703', lat=43.066675, lon=-89.386825, user='User{id=55, firstName='Sue', lastName='Hamilton', email='shamilton@gmail.com', password='secret7'}'}]
[INFO ] 2020-10-21 12:40:52.713 [main] UserDaoTest - users size should be 5: 5
[DEBUG] 2020-10-21 12:40:52.863 [main] UserDaoTest - user info with id = 1: User{id=1, firstName='Joe', lastName='Coyne', email='jcoyne@gmail.com', password='supersecret1'}
[INFO ] 2020-10-21 12:40:53.015 [main] UserDaoTest - new last name for user with id=2: Stevenson
[INFO ] 2020-10-21 12:40:53.134 [main] UserDaoTest - inserted user: User{id=56, firstName='Sue', lastName='Hamilton', email='shamilton@gmail.com', password='secret7'}
[ERROR] 2020-10-21 12:43:43.291 [main] SpotDaoTest - deleted spot with id=3: null
[INFO ] 2020-10-21 12:43:43.719 [main] SpotDaoTest - getAll() test - total records in spot: 3
[INFO ] 2020-10-21 12:43:44.011 [main] SpotDaoTest - getById(2) test: Spot{id=2, spotName='monona2', city='monona', state='WI', zipCode='53716', lat=43.071923, lon=-89.333321, user='User{id=1, firstName='Joe', lastName='Coyne', email='jcoyne@gmail.com', password='supersecret1'}'}
[INFO ] 2020-10-21 12:43:44.383 [main] SpotDaoTest - update() test - updated record 1 : Spot{id=2, spotName='BySchluterBeach', city='monona', state='WI', zipCode='53716', lat=43.071923, lon=-89.333321, user='User{id=1, firstName='Joe', lastName='Coyne', email='jcoyne@gmail.com', password='supersecret1'}'}
[INFO ] 2020-10-21 12:43:45.090 [main] SpotDaoTest - insert() spot test - new record id: Spot{id=50, spotName='madison1', city='madison', state='WI', zipCode='53703', lat=43.066675, lon=-89.386825, user='User{id=1, firstName='Joe', lastName='Coyne', email='jcoyne@gmail.com', password='supersecret1'}'}
[ERROR] 2020-10-21 12:43:45.721 [main] UserDaoTest - deleting user with id=2: null
[INFO ] 2020-10-21 12:43:46.091 [main] UserDaoTest - inserted user with a spot: User{id=57, firstName='Sue', lastName='Hamilton', email='shamilton@gmail.com', password='secret7'} // [Spot{id=51, spotName='madison1', city='madison', state='WI', zipCode='53703', lat=43.066675, lon=-89.386825, user='User{id=57, firstName='Sue', lastName='Hamilton', email='shamilton@gmail.com', password='secret7'}'}]
[INFO ] 2020-10-21 12:43:46.516 [main] UserDaoTest - users size should be 5: 5
[DEBUG] 2020-10-21 12:43:46.707 [main] UserDaoTest - user info with id = 1: User{id=1, firstName='Joe', lastName='Coyne', email='jcoyne@gmail.com', password='supersecret1'}
[INFO ] 2020-10-21 12:43:46.876 [main] UserDaoTest - new last name for user with id=2: Stevenson
[INFO ] 2020-10-21 12:43:47.008 [main] UserDaoTest - inserted user: User{id=58, firstName='Sue', lastName='Hamilton', email='shamilton@gmail.com', password='secret7'}
[ERROR] 2020-10-21 12:50:28.260 [main] SpotDaoTest - deleted spot with id=3: null
[INFO ] 2020-10-21 12:50:29.457 [main] SpotDaoTest - getAll() test - total records in spot: 3
[INFO ] 2020-10-21 12:50:30.145 [main] SpotDaoTest - getById(2) test: Spot{id=2, spotName='monona2', city='monona', state='WI', zipCode='53716', lat=43.071923, lon=-89.333321, user='User{id=1, firstName='Joe', lastName='Coyne', email='jcoyne@gmail.com', password='supersecret1'}'}
[INFO ] 2020-10-21 12:50:30.412 [main] SpotDaoTest - update() test - updated record 1 : Spot{id=2, spotName='BySchluterBeach', city='monona', state='WI', zipCode='53716', lat=43.071923, lon=-89.333321, user='User{id=1, firstName='Joe', lastName='Coyne', email='jcoyne@gmail.com', password='supersecret1'}'}
[INFO ] 2020-10-21 12:50:30.576 [main] SpotDaoTest - insert() spot test - new record id: Spot{id=52, spotName='madison1', city='madison', state='WI', zipCode='53703', lat=43.066675, lon=-89.386825, user='User{id=1, firstName='Joe', lastName='Coyne', email='jcoyne@gmail.com', password='supersecret1'}'}
[ERROR] 2020-10-21 12:50:30.819 [main] UserDaoTest - deleting user with id=2: null
[INFO ] 2020-10-21 12:50:30.981 [main] UserDaoTest - inserted user with a spot: User{id=59, firstName='Sue', lastName='Hamilton', email='shamilton@gmail.com', password='secret7'} // [Spot{id=53, spotName='madison1', city='madison', state='WI', zipCode='53703', lat=43.066675, lon=-89.386825, user='User{id=59, firstName='Sue', lastName='Hamilton', email='shamilton@gmail.com', password='secret7'}'}]
[INFO ] 2020-10-21 12:50:31.101 [main] UserDaoTest - users size should be 5: 5
[DEBUG] 2020-10-21 12:50:31.300 [main] UserDaoTest - user info with id = 1: User{id=1, firstName='Joe', lastName='Coyne', email='jcoyne@gmail.com', password='supersecret1'}
[INFO ] 2020-10-21 12:50:31.487 [main] UserDaoTest - new last name for user with id=2: Stevenson
[INFO ] 2020-10-21 12:50:31.604 [main] UserDaoTest - inserted user: User{id=60, firstName='Sue', lastName='Hamilton', email='shamilton@gmail.com', password='secret7'}
[ERROR] 2020-10-21 12:56:28.102 [main] SpotDaoTest - deleted spot with id=3: null
[INFO ] 2020-10-21 12:56:28.607 [main] SpotDaoTest - getAll() test - total records in spot: 3
[INFO ] 2020-10-21 12:56:28.946 [main] SpotDaoTest - getById(2) test: Spot{id=2, spotName='monona2', city='monona', state='WI', zipCode='53716', lat=43.071923, lon=-89.333321, user='User{id=1, firstName='Joe', lastName='Coyne', email='jcoyne@gmail.com', password='supersecret1'}'}
[INFO ] 2020-10-21 12:56:29.205 [main] SpotDaoTest - update() test - updated record 1 : Spot{id=2, spotName='BySchluterBeach', city='monona', state='WI', zipCode='53716', lat=43.071923, lon=-89.333321, user='User{id=1, firstName='Joe', lastName='Coyne', email='jcoyne@gmail.com', password='supersecret1'}'}
[INFO ] 2020-10-21 12:56:29.375 [main] SpotDaoTest - insert() spot test - new record id: Spot{id=54, spotName='madison1', city='madison', state='WI', zipCode='53703', lat=43.066675, lon=-89.386825, user='User{id=1, firstName='Joe', lastName='Coyne', email='jcoyne@gmail.com', password='supersecret1'}'}
[ERROR] 2020-10-21 12:56:29.594 [main] UserDaoTest - deleting user with id=2: null
[INFO ] 2020-10-21 12:56:29.775 [main] UserDaoTest - inserted user with a spot: User{id=61, firstName='Sue', lastName='Hamilton', email='shamilton@gmail.com', password='secret7'} // [Spot{id=55, spotName='madison1', city='madison', state='WI', zipCode='53703', lat=43.066675, lon=-89.386825, user='User{id=61, firstName='Sue', lastName='Hamilton', email='shamilton@gmail.com', password='secret7'}'}]
[INFO ] 2020-10-21 12:56:30.031 [main] UserDaoTest - users size should be 5: 5
[DEBUG] 2020-10-21 12:56:30.187 [main] UserDaoTest - user info with id = 1: User{id=1, firstName='Joe', lastName='Coyne', email='jcoyne@gmail.com', password='supersecret1'}
[INFO ] 2020-10-21 12:56:30.456 [main] UserDaoTest - new last name for user with id=2: Stevenson
[INFO ] 2020-10-21 12:56:30.583 [main] UserDaoTest - inserted user: User{id=62, firstName='Sue', lastName='Hamilton', email='shamilton@gmail.com', password='secret7'}
[ERROR] 2020-10-21 12:59:32.499 [main] SpotDaoTest - deleted spot with id=3: null
[INFO ] 2020-10-21 12:59:33.759 [main] SpotDaoTest - getAll() test - total records in spot: 3
[INFO ] 2020-10-21 12:59:33.990 [main] SpotDaoTest - getById(2) test: Spot{id=2, spotName='monona2', city='monona', state='WI', zipCode='53716', lat=43.071923, lon=-89.333321, user='User{id=1, firstName='Joe', lastName='Coyne', email='jcoyne@gmail.com', password='supersecret1'}'}
[INFO ] 2020-10-21 12:59:34.140 [main] SpotDaoTest - update() test - updated record 1 : Spot{id=2, spotName='BySchluterBeach', city='monona', state='WI', zipCode='53716', lat=43.071923, lon=-89.333321, user='User{id=1, firstName='Joe', lastName='Coyne', email='jcoyne@gmail.com', password='supersecret1'}'}
[INFO ] 2020-10-21 12:59:34.302 [main] SpotDaoTest - insert() spot test - new record id: Spot{id=56, spotName='madison1', city='madison', state='WI', zipCode='53703', lat=43.066675, lon=-89.386825, user='User{id=1, firstName='Joe', lastName='Coyne', email='jcoyne@gmail.com', password='supersecret1'}'}
[ERROR] 2020-10-21 12:59:34.480 [main] UserDaoTest - deleting user with id=2: null
[INFO ] 2020-10-21 12:59:34.678 [main] UserDaoTest - inserted user with a spot: User{id=63, firstName='Sue', lastName='Hamilton', email='shamilton@gmail.com', password='secret7'} // [Spot{id=57, spotName='madison1', city='madison', state='WI', zipCode='53703', lat=43.066675, lon=-89.386825, user='User{id=63, firstName='Sue', lastName='Hamilton', email='shamilton@gmail.com', password='secret7'}'}]
[INFO ] 2020-10-21 12:59:34.809 [main] UserDaoTest - users size should be 5: 5
[DEBUG] 2020-10-21 12:59:34.984 [main] UserDaoTest - user info with id = 1: User{id=1, firstName='Joe', lastName='Coyne', email='jcoyne@gmail.com', password='supersecret1'}
[INFO ] 2020-10-21 12:59:35.149 [main] UserDaoTest - new last name for user with id=2: Stevenson
[INFO ] 2020-10-21 12:59:35.248 [main] UserDaoTest - inserted user: User{id=64, firstName='Sue', lastName='Hamilton', email='shamilton@gmail.com', password='secret7'}
[ERROR] 2020-10-21 13:04:43.555 [main] SpotDaoTest - deleted spot with id=3: null
[INFO ] 2020-10-21 13:04:44.102 [main] SpotDaoTest - getAll() test - total records in spot: 3
[INFO ] 2020-10-21 13:04:44.412 [main] SpotDaoTest - getById(2) test: Spot{id=2, spotName='monona2', city='monona', state='WI', zipCode='53716', lat=43.071923, lon=-89.333321, user='User{id=1, firstName='Joe', lastName='Coyne', email='jcoyne@gmail.com', password='supersecret1'}'}
[INFO ] 2020-10-21 13:04:44.570 [main] SpotDaoTest - update() test - updated record 1 : Spot{id=2, spotName='BySchluterBeach', city='monona', state='WI', zipCode='53716', lat=43.071923, lon=-89.333321, user='User{id=1, firstName='Joe', lastName='Coyne', email='jcoyne@gmail.com', password='supersecret1'}'}
[INFO ] 2020-10-21 13:04:44.736 [main] SpotDaoTest - insert() spot test - new record id: Spot{id=58, spotName='madison1', city='madison', state='WI', zipCode='53703', lat=43.066675, lon=-89.386825, user='User{id=1, firstName='Joe', lastName='Coyne', email='jcoyne@gmail.com', password='supersecret1'}'}
[ERROR] 2020-10-21 13:04:44.950 [main] UserDaoTest - deleting user with id=2: null
[INFO ] 2020-10-21 13:04:45.077 [main] UserDaoTest - inserted user with a spot: User{id=65, firstName='Sue', lastName='Hamilton', email='shamilton@gmail.com', password='secret7'} // [Spot{id=59, spotName='madison1', city='madison', state='WI', zipCode='53703', lat=43.066675, lon=-89.386825, user='User{id=65, firstName='Sue', lastName='Hamilton', email='shamilton@gmail.com', password='secret7'}'}]
[INFO ] 2020-10-21 13:04:45.232 [main] UserDaoTest - users size should be 5: 5
[DEBUG] 2020-10-21 13:04:45.388 [main] UserDaoTest - user info with id = 1: User{id=1, firstName='Joe', lastName='Coyne', email='jcoyne@gmail.com', password='supersecret1'}
[INFO ] 2020-10-21 13:04:45.636 [main] UserDaoTest - new last name for user with id=2: Stevenson
[INFO ] 2020-10-21 13:04:45.777 [main] UserDaoTest - inserted user: User{id=66, firstName='Sue', lastName='Hamilton', email='shamilton@gmail.com', password='secret7'}
[DEBUG] 2020-10-21 13:07:40.580 [http-nio-8080-exec-8] UserDao - The list of Users [User{id=1, firstName='Joe', lastName='Coyne', email='jcoyne@gmail.com', password='supersecret1'}, User{id=2, firstName='Fred', lastName='Hensen', email='fhensen@hotmail.com', password='supersecret2'}, User{id=3, firstName='Barney', lastName='Curry', email='bcurry@msn.com', password='supersecret3'}, User{id=4, firstName='Karen', lastName='Mack', email='kmack@yahoo.com', password='supersecret4'}, User{id=5, firstName='Dianne', lastName='Klein', email='dklein@gmail.com', password='supersecret5'}, User{id=66, firstName='Sue', lastName='Hamilton', email='shamilton@gmail.com', password='secret7'}]
[ERROR] 2020-10-21 15:52:20.114 [main] SpotDaoTest - deleted spot with id=3: null
[INFO ] 2020-10-21 15:52:22.784 [main] SpotDaoTest - getAll() test - total records in spot: 3
[INFO ] 2020-10-21 15:52:24.979 [main] SpotDaoTest - getById(2) test: Spot{id=2, spotName='monona2', city='monona', state='WI', zipCode='53716', lat=43.071923, lon=-89.333321, user='User{id=1, firstName='Joe', lastName='Coyne', email='jcoyne@gmail.com', password='supersecret1'}'}
[INFO ] 2020-10-21 15:52:26.710 [main] SpotDaoTest - update() test - updated record 1 : Spot{id=2, spotName='BySchluterBeach', city='monona', state='WI', zipCode='53716', lat=43.071923, lon=-89.333321, user='User{id=1, firstName='Joe', lastName='Coyne', email='jcoyne@gmail.com', password='supersecret1'}'}
[INFO ] 2020-10-21 15:52:28.158 [main] SpotDaoTest - insert() spot test - new record id: Spot{id=60, spotName='madison1', city='madison', state='WI', zipCode='53703', lat=43.066675, lon=-89.386825, user='User{id=1, firstName='Joe', lastName='Coyne', email='jcoyne@gmail.com', password='supersecret1'}'}
[ERROR] 2020-10-21 15:52:29.840 [main] UserDaoTest - deleting user with id=2: null
[INFO ] 2020-10-21 15:52:31.189 [main] UserDaoTest - inserted user with a spot: User{id=67, firstName='Sue', lastName='Hamilton', email='shamilton@gmail.com', password='secret7'} // [Spot{id=61, spotName='madison1', city='madison', state='WI', zipCode='53703', lat=43.066675, lon=-89.386825, user='User{id=67, firstName='Sue', lastName='Hamilton', email='shamilton@gmail.com', password='secret7'}'}]
[INFO ] 2020-10-21 15:52:33.110 [main] UserDaoTest - users size should be 5: 5
[DEBUG] 2020-10-21 15:52:34.076 [main] UserDaoTest - user info with id = 1: User{id=1, firstName='Joe', lastName='Coyne', email='jcoyne@gmail.com', password='supersecret1'}
[INFO ] 2020-10-21 15:52:35.497 [main] UserDaoTest - new last name for user with id=2: Stevenson
[INFO ] 2020-10-21 15:52:36.346 [main] UserDaoTest - inserted user: User{id=68, firstName='Sue', lastName='Hamilton', email='shamilton@gmail.com', password='secret7'}
[ERROR] 2020-10-21 16:49:19.275 [main] SpotDaoTest - deleted spot with id=3: null
[INFO ] 2020-10-21 16:49:19.984 [main] SpotDaoTest - getAll() test - total records in spot: 3
[INFO ] 2020-10-21 16:49:20.321 [main] SpotDaoTest - getById(2) test: Spot{id=2, spotName='monona2', city='monona', state='WI', zipCode='53716', lat=43.071923, lon=-89.333321, user='User{id=1, firstName='Joe', lastName='Coyne', email='jcoyne@gmail.com', password='supersecret1'}'}
[INFO ] 2020-10-21 16:49:20.979 [main] SpotDaoTest - update() test - updated record 1 : Spot{id=2, spotName='BySchluterBeach', city='monona', state='WI', zipCode='53716', lat=43.071923, lon=-89.333321, user='User{id=1, firstName='Joe', lastName='Coyne', email='jcoyne@gmail.com', password='supersecret1'}'}
[INFO ] 2020-10-21 16:49:21.424 [main] SpotDaoTest - insert() spot test - new record id: Spot{id=62, spotName='madison1', city='madison', state='WI', zipCode='53703', lat=43.066675, lon=-89.386825, user='User{id=1, firstName='Joe', lastName='Coyne', email='jcoyne@gmail.com', password='supersecret1'}'}
[ERROR] 2020-10-21 16:49:21.681 [main] UserDaoTest - deleting user with id=2: null
[INFO ] 2020-10-21 16:49:21.989 [main] UserDaoTest - inserted user with a spot: User{id=69, firstName='Sue', lastName='Hamilton', email='shamilton@gmail.com', password='secret7'} // [Spot{id=63, spotName='madison1', city='madison', state='WI', zipCode='53703', lat=43.066675, lon=-89.386825, user='User{id=69, firstName='Sue', lastName='Hamilton', email='shamilton@gmail.com', password='secret7'}'}]
[INFO ] 2020-10-21 16:49:22.209 [main] UserDaoTest - users size should be 5: 5
[DEBUG] 2020-10-21 16:49:22.395 [main] UserDaoTest - user info with id = 1: User{id=1, firstName='Joe', lastName='Coyne', email='jcoyne@gmail.com', password='supersecret1'}
[INFO ] 2020-10-21 16:49:22.712 [main] UserDaoTest - new last name for user with id=2: Stevenson
[INFO ] 2020-10-21 16:49:22.853 [main] UserDaoTest - inserted user: User{id=70, firstName='Sue', lastName='Hamilton', email='shamilton@gmail.com', password='secret7'}
[ERROR] 2020-10-21 16:53:11.885 [main] SpotDaoTest - deleted spot with id=3: null
[INFO ] 2020-10-21 16:53:12.639 [main] SpotDaoTest - getAll() test - total records in spot: 3
[INFO ] 2020-10-21 16:53:12.999 [main] SpotDaoTest - getById(2) test: Spot{id=2, spotName='monona2', city='monona', state='WI', zipCode='53716', lat=43.071923, lon=-89.333321, user='User{id=1, firstName='Joe', lastName='Coyne', email='jcoyne@gmail.com', password='supersecret1'}'}
[INFO ] 2020-10-21 16:53:13.209 [main] SpotDaoTest - update() test - updated record 1 : Spot{id=2, spotName='BySchluterBeach', city='monona', state='WI', zipCode='53716', lat=43.071923, lon=-89.333321, user='User{id=1, firstName='Joe', lastName='Coyne', email='jcoyne@gmail.com', password='supersecret1'}'}
[INFO ] 2020-10-21 16:53:13.449 [main] SpotDaoTest - insert() spot test - new record id: Spot{id=64, spotName='madison1', city='madison', state='WI', zipCode='53703', lat=43.066675, lon=-89.386825, user='User{id=1, firstName='Joe', lastName='Coyne', email='jcoyne@gmail.com', password='supersecret1'}'}
[ERROR] 2020-10-21 16:53:13.786 [main] UserDaoTest - deleting user with id=2: null
[INFO ] 2020-10-21 16:53:13.965 [main] UserDaoTest - inserted user with a spot: User{id=71, firstName='Sue', lastName='Hamilton', email='shamilton@gmail.com', password='secret7'} // [Spot{id=65, spotName='madison1', city='madison', state='WI', zipCode='53703', lat=43.066675, lon=-89.386825, user='User{id=71, firstName='Sue', lastName='Hamilton', email='shamilton@gmail.com', password='secret7'}'}]
[INFO ] 2020-10-21 16:53:14.188 [main] UserDaoTest - users size should be 5: 5
[DEBUG] 2020-10-21 16:53:14.419 [main] UserDaoTest - user info with id = 1: User{id=1, firstName='Joe', lastName='Coyne', email='jcoyne@gmail.com', password='supersecret1'}
[INFO ] 2020-10-21 16:53:14.768 [main] UserDaoTest - new last name for user with id=2: Stevenson
[INFO ] 2020-10-21 16:53:14.972 [main] UserDaoTest - inserted user: User{id=72, firstName='Sue', lastName='Hamilton', email='shamilton@gmail.com', password='secret7'}
[DEBUG] 2020-10-21 16:55:27.025 [http-nio-8080-exec-6] UserDao - The list of Users [User{id=1, firstName='Joe', lastName='Coyne', email='jcoyne@gmail.com', password='supersecret1'}, User{id=2, firstName='Fred', lastName='Hensen', email='fhensen@hotmail.com', password='supersecret2'}, User{id=3, firstName='Barney', lastName='Curry', email='bcurry@msn.com', password='supersecret3'}, User{id=4, firstName='Karen', lastName='Mack', email='kmack@yahoo.com', password='supersecret4'}, User{id=5, firstName='Dianne', lastName='Klein', email='dklein@gmail.com', password='supersecret5'}, User{id=72, firstName='Sue', lastName='Hamilton', email='shamilton@gmail.com', password='secret7'}]
[ERROR] 2020-10-21 16:57:48.913 [main] SpotDaoTest - deleted spot with id=3: null
[INFO ] 2020-10-21 16:57:49.542 [main] SpotDaoTest - getAll() test - total records in spot: 3
[INFO ] 2020-10-21 16:57:49.932 [main] SpotDaoTest - getById(2) test: Spot{id=2, spotName='monona2', city='monona', state='WI', zipCode='53716', lat=43.071923, lon=-89.333321, user='User{id=1, firstName='Joe', lastName='Coyne', email='jcoyne@gmail.com', password='supersecret1'}'}
[INFO ] 2020-10-21 16:57:50.391 [main] SpotDaoTest - update() test - updated record 1 : Spot{id=2, spotName='BySchluterBeach', city='monona', state='WI', zipCode='53716', lat=43.071923, lon=-89.333321, user='User{id=1, firstName='Joe', lastName='Coyne', email='jcoyne@gmail.com', password='supersecret1'}'}
[INFO ] 2020-10-21 16:57:50.723 [main] SpotDaoTest - insert() spot test - new record id: Spot{id=66, spotName='madison1', city='madison', state='WI', zipCode='53703', lat=43.066675, lon=-89.386825, user='User{id=1, firstName='Joe', lastName='Coyne', email='jcoyne@gmail.com', password='supersecret1'}'}
[ERROR] 2020-10-21 16:57:51.187 [main] UserDaoTest - deleting user with id=2: null
[INFO ] 2020-10-21 16:57:51.656 [main] UserDaoTest - inserted user with a spot: User{id=73, firstName='Sue', lastName='Hamilton', email='shamilton@gmail.com', password='secret7'} // [Spot{id=67, spotName='madison1', city='madison', state='WI', zipCode='53703', lat=43.066675, lon=-89.386825, user='User{id=73, firstName='Sue', lastName='Hamilton', email='shamilton@gmail.com', password='secret7'}'}]
[INFO ] 2020-10-21 16:57:52.116 [main] UserDaoTest - users size should be 5: 5
[DEBUG] 2020-10-21 16:57:52.562 [main] UserDaoTest - user info with id = 1: User{id=1, firstName='Joe', lastName='Coyne', email='jcoyne@gmail.com', password='supersecret1'}
[INFO ] 2020-10-21 16:57:53.054 [main] UserDaoTest - new last name for user with id=2: Stevenson
[INFO ] 2020-10-21 16:57:53.399 [main] UserDaoTest - inserted user: User{id=74, firstName='Sue', lastName='Hamilton', email='shamilton@gmail.com', password='secret7'}
[ERROR] 2020-10-21 19:11:45.240 [main] SpotDaoTest - deleted spot with id=3: null
[INFO ] 2020-10-21 19:11:45.882 [main] SpotDaoTest - getAll() test - total records in spot: 3
[INFO ] 2020-10-21 19:11:46.259 [main] SpotDaoTest - getById(2) test: Spot{id=2, spotName='monona2', city='monona', state='WI', zipCode='53716', lat=43.071923, lon=-89.333321, user='User{id=1, firstName='Joe', lastName='Coyne', email='jcoyne@gmail.com', password='supersecret1'}'}
[INFO ] 2020-10-21 19:11:46.471 [main] SpotDaoTest - update() test - updated record 1 : Spot{id=2, spotName='BySchluterBeach', city='monona', state='WI', zipCode='53716', lat=43.071923, lon=-89.333321, user='User{id=1, firstName='Joe', lastName='Coyne', email='jcoyne@gmail.com', password='supersecret1'}'}
[INFO ] 2020-10-21 19:11:46.771 [main] SpotDaoTest - insert() spot test - new record id: Spot{id=68, spotName='madison1', city='madison', state='WI', zipCode='53703', lat=43.066675, lon=-89.386825, user='User{id=1, firstName='Joe', lastName='Coyne', email='jcoyne@gmail.com', password='supersecret1'}'}
[ERROR] 2020-10-21 19:11:46.970 [main] UserDaoTest - deleting user with id=2: null
[INFO ] 2020-10-21 19:11:47.197 [main] UserDaoTest - inserted user with a spot: User{id=75, firstName='Sue', lastName='Hamilton', email='shamilton@gmail.com', password='secret7'} // [Spot{id=69, spotName='madison1', city='madison', state='WI', zipCode='53703', lat=43.066675, lon=-89.386825, user='User{id=75, firstName='Sue', lastName='Hamilton', email='shamilton@gmail.com', password='secret7'}'}]
[INFO ] 2020-10-21 19:11:47.328 [main] UserDaoTest - users size should be 5: 5
[DEBUG] 2020-10-21 19:11:47.429 [main] UserDaoTest - user info with id = 1: User{id=1, firstName='Joe', lastName='Coyne', email='jcoyne@gmail.com', password='supersecret1'}
[INFO ] 2020-10-21 19:11:47.687 [main] UserDaoTest - new last name for user with id=2: Stevenson
[INFO ] 2020-10-21 19:11:47.769 [main] UserDaoTest - inserted user: User{id=76, firstName='Sue', lastName='Hamilton', email='shamilton@gmail.com', password='secret7'}
[ERROR] 2020-10-21 19:24:22.571 [main] SpotDaoTest - deleted spot with id=3: null
[INFO ] 2020-10-21 19:24:24.074 [main] SpotDaoTest - getAll() test - total records in spot: 3
[INFO ] 2020-10-21 19:24:24.806 [main] SpotDaoTest - getById(2) test: Spot{id=2, spotName='monona2', city='monona', state='WI', zipCode='53716', lat=43.071923, lon=-89.333321, user='User{id=1, firstName='Joe', lastName='Coyne', email='jcoyne@gmail.com', password='supersecret1'}'}
[INFO ] 2020-10-21 19:24:25.066 [main] SpotDaoTest - update() test - updated record 1 : Spot{id=2, spotName='BySchluterBeach', city='monona', state='WI', zipCode='53716', lat=43.071923, lon=-89.333321, user='User{id=1, firstName='Joe', lastName='Coyne', email='jcoyne@gmail.com', password='supersecret1'}'}
[INFO ] 2020-10-21 19:24:25.198 [main] SpotDaoTest - insert() spot test - new record id: Spot{id=70, spotName='madison1', city='madison', state='WI', zipCode='53703', lat=43.066675, lon=-89.386825, user='User{id=1, firstName='Joe', lastName='Coyne', email='jcoyne@gmail.com', password='supersecret1'}'}
[ERROR] 2020-10-21 19:24:25.380 [main] UserDaoTest - deleting user with id=2: null
[INFO ] 2020-10-21 19:24:25.576 [main] UserDaoTest - inserted user with a spot: User{id=77, firstName='Sue', lastName='Hamilton', email='shamilton@gmail.com', password='secret7'} // [Spot{id=71, spotName='madison1', city='madison', state='WI', zipCode='53703', lat=43.066675, lon=-89.386825, user='User{id=77, firstName='Sue', lastName='Hamilton', email='shamilton@gmail.com', password='secret7'}'}]
[INFO ] 2020-10-21 19:24:25.755 [main] UserDaoTest - users size should be 5: 5
[DEBUG] 2020-10-21 19:24:25.850 [main] UserDaoTest - user info with id = 1: User{id=1, firstName='Joe', lastName='Coyne', email='jcoyne@gmail.com', password='supersecret1'}
[INFO ] 2020-10-21 19:24:26.140 [main] UserDaoTest - new last name for user with id=2: Stevenson
[INFO ] 2020-10-21 19:24:26.298 [main] UserDaoTest - inserted user: User{id=78, firstName='Sue', lastName='Hamilton', email='shamilton@gmail.com', password='secret7'}
[ERROR] 2020-10-21 19:32:52.502 [main] SpotDaoTest - deleted spot with id=3: null
[INFO ] 2020-10-21 19:32:52.990 [main] SpotDaoTest - getAll() test - total records in spot: 3
[INFO ] 2020-10-21 19:32:53.271 [main] SpotDaoTest - getById(2) test: Spot{id=2, spotName='monona2', city='monona', state='WI', zipCode='53716', lat=43.071923, lon=-89.333321, user='User{id=1, firstName='Joe', lastName='Coyne', email='jcoyne@gmail.com', password='supersecret1'}'}
[INFO ] 2020-10-21 19:32:53.434 [main] SpotDaoTest - update() test - updated record 1 : Spot{id=2, spotName='BySchluterBeach', city='monona', state='WI', zipCode='53716', lat=43.071923, lon=-89.333321, user='User{id=1, firstName='Joe', lastName='Coyne', email='jcoyne@gmail.com', password='supersecret1'}'}
[INFO ] 2020-10-21 19:32:53.622 [main] SpotDaoTest - insert() spot test - new record id: Spot{id=72, spotName='madison1', city='madison', state='WI', zipCode='53703', lat=43.066675, lon=-89.386825, user='User{id=1, firstName='Joe', lastName='Coyne', email='jcoyne@gmail.com', password='supersecret1'}'}
[ERROR] 2020-10-21 19:32:53.844 [main] UserDaoTest - deleting user with id=2: null
[INFO ] 2020-10-21 19:32:53.978 [main] UserDaoTest - inserted user with a spot: User{id=79, firstName='Sue', lastName='Hamilton', email='shamilton@gmail.com', password='secret7'} // [Spot{id=73, spotName='madison1', city='madison', state='WI', zipCode='53703', lat=43.066675, lon=-89.386825, user='User{id=79, firstName='Sue', lastName='Hamilton', email='shamilton@gmail.com', password='secret7'}'}]
[INFO ] 2020-10-21 19:32:54.162 [main] UserDaoTest - users size should be 5: 5
[DEBUG] 2020-10-21 19:32:54.254 [main] UserDaoTest - user info with id = 1: User{id=1, firstName='Joe', lastName='Coyne', email='jcoyne@gmail.com', password='supersecret1'}
[INFO ] 2020-10-21 19:32:54.511 [main] UserDaoTest - new last name for user with id=2: Stevenson
[INFO ] 2020-10-21 19:32:54.747 [main] UserDaoTest - inserted user: User{id=80, firstName='Sue', lastName='Hamilton', email='shamilton@gmail.com', password='secret7'}
[ERROR] 2020-10-21 19:42:44.400 [main] SpotDaoTest - deleted spot with id=3: null
[INFO ] 2020-10-21 19:42:44.976 [main] SpotDaoTest - getAll() test - total records in spot: 3
[INFO ] 2020-10-21 19:42:45.241 [main] SpotDaoTest - getById(2) test: Spot{id=2, spotName='monona2', city='monona', state='WI', zipCode='53716', lat=43.071923, lon=-89.333321, user='User{id=1, firstName='Joe', lastName='Coyne', email='jcoyne@gmail.com', password='supersecret1'}'}
[INFO ] 2020-10-21 19:42:45.436 [main] SpotDaoTest - update() test - updated record 1 : Spot{id=2, spotName='BySchluterBeach', city='monona', state='WI', zipCode='53716', lat=43.071923, lon=-89.333321, user='User{id=1, firstName='Joe', lastName='Coyne', email='jcoyne@gmail.com', password='supersecret1'}'}
[INFO ] 2020-10-21 19:42:45.818 [main] SpotDaoTest - insert() spot test - new record id: Spot{id=74, spotName='madison1', city='madison', state='WI', zipCode='53703', lat=43.066675, lon=-89.386825, user='User{id=1, firstName='Joe', lastName='Coyne', email='jcoyne@gmail.com', password='supersecret1'}'}
[ERROR] 2020-10-21 19:42:45.987 [main] UserDaoTest - deleting user with id=2: null
[INFO ] 2020-10-21 19:42:46.606 [main] UserDaoTest - inserted user with a spot: User{id=81, firstName='Sue', lastName='Hamilton', email='shamilton@gmail.com', password='secret7'} // [Spot{id=75, spotName='madison1', city='madison', state='WI', zipCode='53703', lat=43.066675, lon=-89.386825, user='User{id=81, firstName='Sue', lastName='Hamilton', email='shamilton@gmail.com', password='secret7'}'}]
[INFO ] 2020-10-21 19:42:46.918 [main] UserDaoTest - users size should be 5: 5
[DEBUG] 2020-10-21 19:42:47.194 [main] UserDaoTest - user info with id = 1: User{id=1, firstName='Joe', lastName='Coyne', email='jcoyne@gmail.com', password='supersecret1'}
[INFO ] 2020-10-21 19:42:47.511 [main] UserDaoTest - new last name for user with id=2: Stevenson
[INFO ] 2020-10-21 19:42:48.004 [main] UserDaoTest - inserted user: User{id=82, firstName='Sue', lastName='Hamilton', email='shamilton@gmail.com', password='secret7'}
[ERROR] 2020-10-21 19:45:28.600 [main] SpotDaoTest - deleted spot with id=3: null
[INFO ] 2020-10-21 19:45:29.798 [main] SpotDaoTest - getAll() test - total records in spot: 3
[INFO ] 2020-10-21 19:45:29.970 [main] SpotDaoTest - getById(2) test: Spot{id=2, spotName='monona2', city='monona', state='WI', zipCode='53716', lat=43.071923, lon=-89.333321, user='User{id=1, firstName='Joe', lastName='Coyne', email='jcoyne@gmail.com', password='supersecret1'}'}
[INFO ] 2020-10-21 19:45:30.159 [main] SpotDaoTest - update() test - updated record 1 : Spot{id=2, spotName='BySchluterBeach', city='monona', state='WI', zipCode='53716', lat=43.071923, lon=-89.333321, user='User{id=1, firstName='Joe', lastName='Coyne', email='jcoyne@gmail.com', password='supersecret1'}'}
[INFO ] 2020-10-21 19:45:30.330 [main] SpotDaoTest - insert() spot test - new record id: Spot{id=76, spotName='madison1', city='madison', state='WI', zipCode='53703', lat=43.066675, lon=-89.386825, user='User{id=1, firstName='Joe', lastName='Coyne', email='jcoyne@gmail.com', password='supersecret1'}'}
[ERROR] 2020-10-21 19:45:30.484 [main] UserDaoTest - deleting user with id=2: null
[INFO ] 2020-10-21 19:45:30.749 [main] UserDaoTest - inserted user with a spot: User{id=83, firstName='Sue', lastName='Hamilton', email='shamilton@gmail.com', password='secret7'} // [Spot{id=77, spotName='madison1', city='madison', state='WI', zipCode='53703', lat=43.066675, lon=-89.386825, user='User{id=83, firstName='Sue', lastName='Hamilton', email='shamilton@gmail.com', password='secret7'}'}]
[INFO ] 2020-10-21 19:45:30.888 [main] UserDaoTest - users size should be 5: 5
[DEBUG] 2020-10-21 19:45:30.999 [main] UserDaoTest - user info with id = 1: User{id=1, firstName='Joe', lastName='Coyne', email='jcoyne@gmail.com', password='supersecret1'}
[INFO ] 2020-10-21 19:45:31.211 [main] UserDaoTest - new last name for user with id=2: Stevenson
[INFO ] 2020-10-21 19:45:31.381 [main] UserDaoTest - inserted user: User{id=84, firstName='Sue', lastName='Hamilton', email='shamilton@gmail.com', password='secret7'}
[ERROR] 2020-10-21 20:12:05.681 [main] SpotDaoTest - deleted spot with id=3: null
[INFO ] 2020-10-21 20:12:06.133 [main] SpotDaoTest - getAll() test - total records in spot: 3
[INFO ] 2020-10-21 20:12:06.355 [main] SpotDaoTest - getById(2) test: Spot{id=2, spotName='monona2', city='monona', state='WI', zipCode='53716', lat=43.071923, lon=-89.333321, user='User{id=1, firstName='Joe', lastName='Coyne', email='jcoyne@gmail.com', password='supersecret1'}'}
[INFO ] 2020-10-21 20:12:06.524 [main] SpotDaoTest - update() test - updated record 1 : Spot{id=2, spotName='BySchluterBeach', city='monona', state='WI', zipCode='53716', lat=43.071923, lon=-89.333321, user='User{id=1, firstName='Joe', lastName='Coyne', email='jcoyne@gmail.com', password='supersecret1'}'}
[INFO ] 2020-10-21 20:12:06.690 [main] SpotDaoTest - insert() spot test - new record id: Spot{id=78, spotName='madison1', city='madison', state='WI', zipCode='53703', lat=43.066675, lon=-89.386825, user='User{id=1, firstName='Joe', lastName='Coyne', email='jcoyne@gmail.com', password='supersecret1'}'}
[ERROR] 2020-10-21 20:12:06.916 [main] UserDaoTest - deleting user with id=2: null
[INFO ] 2020-10-21 20:12:07.107 [main] UserDaoTest - inserted user with a spot: User{id=85, firstName='Sue', lastName='Hamilton', email='shamilton@gmail.com', password='secret7'} // [Spot{id=79, spotName='madison1', city='madison', state='WI', zipCode='53703', lat=43.066675, lon=-89.386825, user='User{id=85, firstName='Sue', lastName='Hamilton', email='shamilton@gmail.com', password='secret7'}'}]
[INFO ] 2020-10-21 20:12:07.261 [main] UserDaoTest - users size should be 5: 5
[DEBUG] 2020-10-21 20:12:07.335 [main] UserDaoTest - user info with id = 1: User{id=1, firstName='Joe', lastName='Coyne', email='jcoyne@gmail.com', password='supersecret1'}
[INFO ] 2020-10-21 20:12:07.521 [main] UserDaoTest - new last name for user with id=2: Stevenson
[INFO ] 2020-10-21 20:12:07.644 [main] UserDaoTest - inserted user: User{id=86, firstName='Sue', lastName='Hamilton', email='shamilton@gmail.com', password='secret7'}
[ERROR] 2020-10-21 21:37:15.832 [main] SpotDaoTest - deleted spot with id=3: null
[INFO ] 2020-10-21 21:37:16.316 [main] SpotDaoTest - getAll() test - total records in spot: 3
[INFO ] 2020-10-21 21:37:16.548 [main] SpotDaoTest - getById(2) test: Spot{id=2, spotName='monona2', city='monona', state='WI', zipCode='53716', lat=43.071923, lon=-89.333321, user='User{id=1, firstName='Joe', lastName='Coyne', email='jcoyne@gmail.com', password='supersecret1'}'}
[INFO ] 2020-10-21 21:37:16.772 [main] SpotDaoTest - update() test - updated record 1 : Spot{id=2, spotName='BySchluterBeach', city='monona', state='WI', zipCode='53716', lat=43.071923, lon=-89.333321, user='User{id=1, firstName='Joe', lastName='Coyne', email='jcoyne@gmail.com', password='supersecret1'}'}
[INFO ] 2020-10-21 21:37:16.970 [main] SpotDaoTest - insert() spot test - new record id: Spot{id=80, spotName='madison1', city='madison', state='WI', zipCode='53703', lat=43.066675, lon=-89.386825, user='User{id=1, firstName='Joe', lastName='Coyne', email='jcoyne@gmail.com', password='supersecret1'}'}
[ERROR] 2020-10-21 21:37:17.125 [main] UserDaoTest - deleting user with id=2: null
[INFO ] 2020-10-21 21:37:17.267 [main] UserDaoTest - inserted user with a spot: User{id=87, firstName='Sue', lastName='Hamilton', email='shamilton@gmail.com', password='secret7'} // [Spot{id=81, spotName='madison1', city='madison', state='WI', zipCode='53703', lat=43.066675, lon=-89.386825, user='User{id=87, firstName='Sue', lastName='Hamilton', email='shamilton@gmail.com', password='secret7'}'}]
[INFO ] 2020-10-21 21:37:17.415 [main] UserDaoTest - users size should be 5: 5
[DEBUG] 2020-10-21 21:37:17.557 [main] UserDaoTest - user info with id = 1: User{id=1, firstName='Joe', lastName='Coyne', email='jcoyne@gmail.com', password='supersecret1'}
[INFO ] 2020-10-21 21:37:17.755 [main] UserDaoTest - new last name for user with id=2: Stevenson
[INFO ] 2020-10-21 21:37:17.871 [main] UserDaoTest - inserted user: User{id=88, firstName='Sue', lastName='Hamilton', email='shamilton@gmail.com', password='secret7'}
[ERROR] 2020-10-22 17:39:35.778 [main] SpotDaoTest - deleted spot with id=3: null
[INFO ] 2020-10-22 17:39:36.412 [main] SpotDaoTest - getAll() test - total records in spot: 3
[INFO ] 2020-10-22 17:39:36.708 [main] SpotDaoTest - getById(2) test: Spot{id=2, spotName='monona2', city='monona', state='WI', zipCode='53716', lat=43.071923, lon=-89.333321, user='User{id=1, firstName='Joe', lastName='Coyne', email='jcoyne@gmail.com', password='supersecret1'}'}
[INFO ] 2020-10-22 17:39:37.187 [main] SpotDaoTest - update() test - updated record 1 : Spot{id=2, spotName='BySchluterBeach', city='monona', state='WI', zipCode='53716', lat=43.071923, lon=-89.333321, user='User{id=1, firstName='Joe', lastName='Coyne', email='jcoyne@gmail.com', password='supersecret1'}'}
[INFO ] 2020-10-22 17:39:37.536 [main] SpotDaoTest - insert() spot test - new record id: Spot{id=82, spotName='madison1', city='madison', state='WI', zipCode='53703', lat=43.066675, lon=-89.386825, user='User{id=1, firstName='Joe', lastName='Coyne', email='jcoyne@gmail.com', password='supersecret1'}'}
[ERROR] 2020-10-22 17:39:37.860 [main] UserDaoTest - deleting user with id=2: null
[INFO ] 2020-10-22 17:39:38.118 [main] UserDaoTest - inserted user with a spot: User{id=89, firstName='Sue', lastName='Hamilton', email='shamilton@gmail.com', password='secret7'} // [Spot{id=83, spotName='madison1', city='madison', state='WI', zipCode='53703', lat=43.066675, lon=-89.386825, user='User{id=89, firstName='Sue', lastName='Hamilton', email='shamilton@gmail.com', password='secret7'}'}]
[INFO ] 2020-10-22 17:39:38.788 [main] UserDaoTest - users size should be 5: 5
[DEBUG] 2020-10-22 17:39:39.244 [main] UserDaoTest - user info with id = 1: User{id=1, firstName='Joe', lastName='Coyne', email='jcoyne@gmail.com', password='supersecret1'}
[INFO ] 2020-10-22 17:39:39.659 [main] UserDaoTest - new last name for user with id=2: Stevenson
[INFO ] 2020-10-22 17:39:40.041 [main] UserDaoTest - inserted user: User{id=90, firstName='Sue', lastName='Hamilton', email='shamilton@gmail.com', password='secret7'}
[ERROR] 2020-10-22 17:48:28.679 [main] SpotDaoTest - deleted spot with id=3: null
[INFO ] 2020-10-22 17:48:29.216 [main] SpotDaoTest - getAll() test - total records in spot: 3
[INFO ] 2020-10-22 17:48:29.456 [main] SpotDaoTest - getById(2) test: Spot{id=2, spotName='monona2', city='monona', state='WI', zipCode='53716', lat=43.071923, lon=-89.333321, user='User{id=1, firstName='Joe', lastName='Coyne', email='jcoyne@gmail.com', password='supersecret1'}'}
[INFO ] 2020-10-22 17:48:29.691 [main] SpotDaoTest - update() test - updated record 1 : Spot{id=2, spotName='BySchluterBeach', city='monona', state='WI', zipCode='53716', lat=43.071923, lon=-89.333321, user='User{id=1, firstName='Joe', lastName='Coyne', email='jcoyne@gmail.com', password='supersecret1'}'}
[INFO ] 2020-10-22 17:48:29.911 [main] SpotDaoTest - insert() spot test - new record id: Spot{id=84, spotName='madison1', city='madison', state='WI', zipCode='53703', lat=43.066675, lon=-89.386825, user='User{id=1, firstName='Joe', lastName='Coyne', email='jcoyne@gmail.com', password='supersecret1'}'}
[ERROR] 2020-10-22 17:48:30.129 [main] UserDaoTest - deleting user with id=2: null
[INFO ] 2020-10-22 17:48:30.290 [main] UserDaoTest - inserted user with a spot: User{id=91, firstName='Sue', lastName='Hamilton', email='shamilton@gmail.com', password='secret7'} // [Spot{id=85, spotName='madison1', city='madison', state='WI', zipCode='53703', lat=43.066675, lon=-89.386825, user='User{id=91, firstName='Sue', lastName='Hamilton', email='shamilton@gmail.com', password='secret7'}'}]
[INFO ] 2020-10-22 17:48:30.453 [main] UserDaoTest - users size should be 5: 5
[DEBUG] 2020-10-22 17:48:30.536 [main] UserDaoTest - user info with id = 1: User{id=1, firstName='Joe', lastName='Coyne', email='jcoyne@gmail.com', password='supersecret1'}
[INFO ] 2020-10-22 17:48:30.722 [main] UserDaoTest - new last name for user with id=2: Stevenson
[INFO ] 2020-10-22 17:48:30.855 [main] UserDaoTest - inserted user: User{id=92, firstName='Sue', lastName='Hamilton', email='shamilton@gmail.com', password='secret7'}
[ERROR] 2020-10-22 18:05:32.673 [main] SpotDaoTest - deleted spot with id=3: null
[INFO ] 2020-10-22 18:05:33.357 [main] SpotDaoTest - getAll() test - total records in spot: 3
[INFO ] 2020-10-22 18:05:33.674 [main] SpotDaoTest - getById(2) test: Spot{id=2, spotName='monona2', city='monona', state='WI', zipCode='53716', lat=43.071923, lon=-89.333321, user='User{id=1, firstName='Joe', lastName='Coyne', email='jcoyne@gmail.com', password='supersecret1'}'}
[INFO ] 2020-10-22 18:05:34.014 [main] SpotDaoTest - update() test - updated record 1 : Spot{id=2, spotName='BySchluterBeach', city='monona', state='WI', zipCode='53716', lat=43.071923, lon=-89.333321, user='User{id=1, firstName='Joe', lastName='Coyne', email='jcoyne@gmail.com', password='supersecret1'}'}
[INFO ] 2020-10-22 18:05:34.273 [main] SpotDaoTest - insert() spot test - new record id: Spot{id=86, spotName='madison1', city='madison', state='WI', zipCode='53703', lat=43.066675, lon=-89.386825, user='User{id=1, firstName='Joe', lastName='Coyne', email='jcoyne@gmail.com', password='supersecret1'}'}
[ERROR] 2020-10-22 18:05:34.563 [main] UserDaoTest - deleting user with id=2: null
[INFO ] 2020-10-22 18:05:34.861 [main] UserDaoTest - inserted user with a spot: User{id=93, firstName='Sue', lastName='Hamilton', email='shamilton@gmail.com', password='secret7'} // [Spot{id=87, spotName='madison1', city='madison', state='WI', zipCode='53703', lat=43.066675, lon=-89.386825, user='User{id=93, firstName='Sue', lastName='Hamilton', email='shamilton@gmail.com', password='secret7'}'}]
[INFO ] 2020-10-22 18:05:35.049 [main] UserDaoTest - users size should be 5: 5
[DEBUG] 2020-10-22 18:05:35.240 [main] UserDaoTest - user info with id = 1: User{id=1, firstName='Joe', lastName='Coyne', email='jcoyne@gmail.com', password='supersecret1'}
[INFO ] 2020-10-22 18:05:35.418 [main] UserDaoTest - new last name for user with id=2: Stevenson
[INFO ] 2020-10-22 18:05:35.518 [main] UserDaoTest - inserted user: User{id=94, firstName='Sue', lastName='Hamilton', email='shamilton@gmail.com', password='secret7'}
[ERROR] 2020-10-22 18:21:30.642 [main] SpotDaoTest - deleted spot with id=3: null
[INFO ] 2020-10-22 18:21:31.152 [main] SpotDaoTest - getAll() test - total records in spot: 3
[INFO ] 2020-10-22 18:21:31.417 [main] SpotDaoTest - getById(2) test: Spot{id=2, spotName='monona2', city='monona', state='WI', zipCode='53716', lat=43.071923, lon=-89.333321, user='User{id=1, firstName='Joe', lastName='Coyne', email='jcoyne@gmail.com', password='supersecret1'}'}
[INFO ] 2020-10-22 18:21:31.713 [main] SpotDaoTest - update() test - updated record 1 : Spot{id=2, spotName='BySchluterBeach', city='monona', state='WI', zipCode='53716', lat=43.071923, lon=-89.333321, user='User{id=1, firstName='Joe', lastName='Coyne', email='jcoyne@gmail.com', password='supersecret1'}'}
[INFO ] 2020-10-22 18:21:31.842 [main] SpotDaoTest - insert() spot test - new record id: Spot{id=88, spotName='madison1', city='madison', state='WI', zipCode='53703', lat=43.066675, lon=-89.386825, user='User{id=1, firstName='Joe', lastName='Coyne', email='jcoyne@gmail.com', password='supersecret1'}'}
[ERROR] 2020-10-22 18:21:32.023 [main] UserDaoTest - deleting user with id=2: null
[INFO ] 2020-10-22 18:21:32.223 [main] UserDaoTest - inserted user with a spot: User{id=95, firstName='Sue', lastName='Hamilton', email='shamilton@gmail.com', password='secret7'} // [Spot{id=89, spotName='madison1', city='madison', state='WI', zipCode='53703', lat=43.066675, lon=-89.386825, user='User{id=95, firstName='Sue', lastName='Hamilton', email='shamilton@gmail.com', password='secret7'}'}]
[INFO ] 2020-10-22 18:21:32.385 [main] UserDaoTest - users size should be 5: 5
[DEBUG] 2020-10-22 18:21:32.508 [main] UserDaoTest - user info with id = 1: User{id=1, firstName='Joe', lastName='Coyne', email='jcoyne@gmail.com', password='supersecret1'}
[INFO ] 2020-10-22 18:21:32.737 [main] UserDaoTest - new last name for user with id=2: Stevenson
[INFO ] 2020-10-22 18:21:32.897 [main] UserDaoTest - inserted user: User{id=96, firstName='Sue', lastName='Hamilton', email='shamilton@gmail.com', password='secret7'}
[ERROR] 2020-10-22 18:24:23.873 [main] SpotDaoTest - deleted spot with id=3: null
[INFO ] 2020-10-22 18:24:25.224 [main] SpotDaoTest - getAll() test - total records in spot: 3
[INFO ] 2020-10-22 18:24:25.675 [main] SpotDaoTest - getById(2) test: Spot{id=2, spotName='monona2', city='monona', state='WI', zipCode='53716', lat=43.071923, lon=-89.333321, user='User{id=1, firstName='Joe', lastName='Coyne', email='jcoyne@gmail.com', password='supersecret1'}'}
[INFO ] 2020-10-22 18:24:25.815 [main] SpotDaoTest - update() test - updated record 1 : Spot{id=2, spotName='BySchluterBeach', city='monona', state='WI', zipCode='53716', lat=43.071923, lon=-89.333321, user='User{id=1, firstName='Joe', lastName='Coyne', email='jcoyne@gmail.com', password='supersecret1'}'}
[INFO ] 2020-10-22 18:24:25.988 [main] SpotDaoTest - insert() spot test - new record id: Spot{id=90, spotName='madison1', city='madison', state='WI', zipCode='53703', lat=43.066675, lon=-89.386825, user='User{id=1, firstName='Joe', lastName='Coyne', email='jcoyne@gmail.com', password='supersecret1'}'}
[ERROR] 2020-10-22 18:24:26.203 [main] UserDaoTest - deleting user with id=2: null
[INFO ] 2020-10-22 18:24:26.325 [main] UserDaoTest - inserted user with a spot: User{id=97, firstName='Sue', lastName='Hamilton', email='shamilton@gmail.com', password='secret7'} // [Spot{id=91, spotName='madison1', city='madison', state='WI', zipCode='53703', lat=43.066675, lon=-89.386825, user='User{id=97, firstName='Sue', lastName='Hamilton', email='shamilton@gmail.com', password='secret7'}'}]
[INFO ] 2020-10-22 18:24:26.512 [main] UserDaoTest - users size should be 5: 5
[DEBUG] 2020-10-22 18:24:26.654 [main] UserDaoTest - user info with id = 1: User{id=1, firstName='Joe', lastName='Coyne', email='jcoyne@gmail.com', password='supersecret1'}
[INFO ] 2020-10-22 18:24:26.818 [main] UserDaoTest - new last name for user with id=2: Stevenson
[INFO ] 2020-10-22 18:24:26.923 [main] UserDaoTest - inserted user: User{id=98, firstName='Sue', lastName='Hamilton', email='shamilton@gmail.com', password='secret7'}
[DEBUG] 2020-10-22 18:26:28.190 [http-nio-8080-exec-7] UserDao - The list of Users [User{id=1, firstName='Joe', lastName='Coyne', email='jcoyne@gmail.com', password='supersecret1'}, User{id=2, firstName='Fred', lastName='Hensen', email='fhensen@hotmail.com', password='supersecret2'}, User{id=3, firstName='Barney', lastName='Curry', email='bcurry@msn.com', password='supersecret3'}, User{id=4, firstName='Karen', lastName='Mack', email='kmack@yahoo.com', password='supersecret4'}, User{id=5, firstName='Dianne', lastName='Klein', email='dklein@gmail.com', password='supersecret5'}, User{id=98, firstName='Sue', lastName='Hamilton', email='shamilton@gmail.com', password='secret7'}]
